0 info it worked if it ends with ok
1 verbose cli [ '/usr/bin/nodejs', '/usr/local/bin/npm', 'start' ]
2 info using npm@3.10.8
3 info using node@v4.2.6
4 verbose run-script [ 'prestart', 'start', 'poststart' ]
5 info lifecycle pcrepair@0.0.0~prestart: pcrepair@0.0.0
6 silly lifecycle pcrepair@0.0.0~prestart: no script for prestart, continuing
7 info lifecycle pcrepair@0.0.0~start: pcrepair@0.0.0
8 verbose lifecycle pcrepair@0.0.0~start: unsafe-perm in lifecycle true
9 verbose lifecycle pcrepair@0.0.0~start: PATH: /usr/local/lib/node_modules/npm/bin/node-gyp-bin:/var/www/html/TEST/test_node/express/projects-in-express/3-PC-Repairi-website/pcrepair/node_modules/.bin:/home/walker/Installs/grails-2.4.4/bin:/usr/share/maven/bin:/home/walker/.gvm/vertx/current/bin:/home/walker/.gvm/springboot/current/bin:/home/walker/.gvm/lazybones/current/bin:/home/walker/.gvm/jbossforge/current/bin:/home/walker/.gvm/jbake/current/bin:/home/walker/.gvm/groovyserv/current/bin:/home/walker/.gvm/groovy/current/bin:/home/walker/.gvm/griffon/current/bin:/home/walker/.gvm/grails/current/bin:/home/walker/.gvm/gradle/current/bin:/home/walker/.gvm/glide/current/bin:/home/walker/.gvm/gaiden/current/bin:/home/walker/.gvm/crash/current/bin:/home/walker/.gvm/asciidoctorj/current/bin:/usr/local/sbin:/usr/local/bin:/usr/sbin:/usr/bin:/sbin:/bin:/usr/games:/usr/local/games:/snap/bin:/usr/lib/jvm/java-7-oracle/bin
10 verbose lifecycle pcrepair@0.0.0~start: CWD: /var/www/html/TEST/test_node/express/projects-in-express/3-PC-Repairi-website/pcrepair
11 silly lifecycle pcrepair@0.0.0~start: Args: [ '-c', 'node ./bin/www' ]
12 silly lifecycle pcrepair@0.0.0~start: Returned: code: 1  signal: null
13 info lifecycle pcrepair@0.0.0~start: Failed to exec start script
14 verbose stack Error: pcrepair@0.0.0 start: `node ./bin/www`
14 verbose stack Exit status 1
14 verbose stack     at EventEmitter.<anonymous> (/usr/local/lib/node_modules/npm/lib/utils/lifecycle.js:255:16)
14 verbose stack     at emitTwo (events.js:87:13)
14 verbose stack     at EventEmitter.emit (events.js:172:7)
14 verbose stack     at ChildProcess.<anonymous> (/usr/local/lib/node_modules/npm/lib/utils/spawn.js:40:14)
14 verbose stack     at emitTwo (events.js:87:13)
14 verbose stack     at ChildProcess.emit (events.js:172:7)
14 verbose stack     at maybeClose (internal/child_process.js:821:16)
14 verbose stack     at Process.ChildProcess._handle.onexit (internal/child_process.js:211:5)
15 verbose pkgid pcrepair@0.0.0
16 verbose cwd /var/www/html/TEST/test_node/express/projects-in-express/3-PC-Repairi-website/pcrepair
17 error Linux 4.4.0-40-generic
18 error argv "/usr/bin/nodejs" "/usr/local/bin/npm" "start"
19 error node v4.2.6
20 error npm  v3.10.8
21 error code ELIFECYCLE
22 error pcrepair@0.0.0 start: `node ./bin/www`
22 error Exit status 1
23 error Failed at the pcrepair@0.0.0 start script 'node ./bin/www'.
23 error Make sure you have the latest version of node.js and npm installed.
23 error If you do, this is most likely a problem with the pcrepair package,
23 error not with npm itself.
23 error Tell the author that this fails on your system:
23 error     node ./bin/www
23 error You can get information on how to open an issue for this project with:
23 error     npm bugs pcrepair
23 error Or if that isn't available, you can get their info via:
23 error     npm owner ls pcrepair
23 error There is likely additional logging output above.
24 verbose exit [ 1, true ]
